[2020-11-08T11:57:16.690] [DEBUG] cheese - login => username:zs,password:123456
[2020-11-08T11:57:16.692] [DEBUG] cheese - zs
[2020-11-08T11:57:16.699] [DEBUG] cheese - null
[2020-11-08T11:57:16.700] [DEBUG] cheese - null
[2020-11-08T11:58:22.610] [DEBUG] cheese - login => username:admin,password:123456
[2020-11-08T11:58:22.610] [DEBUG] cheese - admin
[2020-11-08T11:58:22.614] [DEBUG] cheese - null
[2020-11-08T11:58:22.614] [DEBUG] cheese - null
[2020-11-08T22:38:36.267] [DEBUG] cheese - login => username:zs123,password:12321312312
[2020-11-08T22:38:36.268] [DEBUG] cheese - zs123
[2020-11-08T22:38:36.288] [DEBUG] cheese - null
[2020-11-08T22:38:36.288] [DEBUG] cheese - null
[2020-11-08T22:40:25.517] [DEBUG] cheese - login => username:zs1,password:12312312
[2020-11-08T22:40:25.517] [DEBUG] cheese - zs1
[2020-11-08T22:40:25.526] [DEBUG] cheese - null
[2020-11-08T22:40:25.526] [DEBUG] cheese - null
[2020-11-08T22:42:49.247] [DEBUG] cheese - login => username:zs123,password:123123121
[2020-11-08T22:42:49.248] [DEBUG] cheese - zs123
[2020-11-08T22:42:49.252] [DEBUG] cheese - null
[2020-11-08T22:42:49.252] [DEBUG] cheese - null
[2020-11-08T22:49:40.593] [DEBUG] cheese - login => username:zs123,password:123123
[2020-11-08T22:49:40.593] [DEBUG] cheese - zs123
[2020-11-08T22:49:40.597] [DEBUG] cheese - null
[2020-11-08T22:49:40.597] [DEBUG] cheese - null
[2020-11-08T22:49:48.073] [DEBUG] cheese - login => username:admin,password:123456
[2020-11-08T22:49:48.073] [DEBUG] cheese - admin
[2020-11-08T22:49:48.077] [DEBUG] cheese - null
[2020-11-08T22:49:48.078] [DEBUG] cheese - null
[2020-11-08T23:01:39.514] [DEBUG] cheese - login => username:zs12312,password:123123123
[2020-11-08T23:01:39.514] [DEBUG] cheese - zs12312
[2020-11-08T23:01:39.519] [DEBUG] cheese - null
[2020-11-08T23:01:39.519] [DEBUG] cheese - null
[2020-11-08T23:01:54.256] [DEBUG] cheese - login => username:admin,password:123456
[2020-11-08T23:01:54.256] [DEBUG] cheese - admin
[2020-11-08T23:01:54.258] [DEBUG] cheese - null
[2020-11-08T23:01:54.258] [DEBUG] cheese - null
[2020-11-08T23:02:11.288] [DEBUG] cheese - login => username:admin,password:123456
[2020-11-08T23:02:11.288] [DEBUG] cheese - admin
[2020-11-08T23:02:11.290] [DEBUG] cheese - null
[2020-11-08T23:02:11.290] [DEBUG] cheese - null
[2020-11-08T23:02:26.198] [DEBUG] cheese - login => username:zs123,password:123123
[2020-11-08T23:02:26.198] [DEBUG] cheese - zs123
[2020-11-08T23:02:26.200] [DEBUG] cheese - null
[2020-11-08T23:02:26.200] [DEBUG] cheese - null
[2020-11-08T23:02:33.308] [DEBUG] cheese - login => username:admin,password:123456
[2020-11-08T23:02:33.308] [DEBUG] cheese - admin
[2020-11-08T23:02:33.312] [DEBUG] cheese - null
[2020-11-08T23:02:33.312] [DEBUG] cheese - null
[2020-11-09T00:00:39.089] [DEBUG] cheese - login => username:admin,password:123456
[2020-11-09T00:00:39.089] [DEBUG] cheese - admin
[2020-11-09T00:00:39.092] [DEBUG] cheese - null
[2020-11-09T00:00:39.092] [DEBUG] cheese - null
[2020-11-09T00:04:43.050] [DEBUG] cheese - login => username:admin,password:123456
[2020-11-09T00:04:43.050] [DEBUG] cheese - admin
[2020-11-09T00:04:43.052] [DEBUG] cheese - null
[2020-11-09T00:04:43.052] [DEBUG] cheese - null
[2020-11-09T00:05:57.741] [DEBUG] cheese - login => username:admin,password:123456
[2020-11-09T00:05:57.741] [DEBUG] cheese - admin
[2020-11-09T00:05:57.743] [DEBUG] cheese - null
[2020-11-09T00:05:57.744] [DEBUG] cheese - null
[2020-11-09T00:09:30.397] [DEBUG] cheese - login => username:admin,password:123456
[2020-11-09T00:09:30.397] [DEBUG] cheese - admin
[2020-11-09T00:09:30.399] [DEBUG] cheese - null
[2020-11-09T00:09:30.399] [DEBUG] cheese - null
[2020-11-09T00:13:22.293] [DEBUG] cheese - login => username:admin,password:123456
[2020-11-09T00:13:22.294] [DEBUG] cheese - admin
[2020-11-09T00:13:22.296] [DEBUG] cheese - null
[2020-11-09T00:13:22.296] [DEBUG] cheese - null
[2020-11-09T00:32:17.962] [DEBUG] cheese - login => username:admin,password:123456
[2020-11-09T00:32:17.962] [DEBUG] cheese - admin
[2020-11-09T00:32:17.963] [DEBUG] cheese - null
[2020-11-09T00:32:17.964] [DEBUG] cheese - null
[2020-11-09T00:40:42.563] [DEBUG] cheese - login => username:admin,password:123456
[2020-11-09T00:40:42.564] [DEBUG] cheese - admin
[2020-11-09T00:40:42.565] [DEBUG] cheese - null
[2020-11-09T00:40:42.565] [DEBUG] cheese - null
[2020-11-09T00:40:45.665] [DEBUG] cheese - login => username:admin,password:123456
[2020-11-09T00:40:45.665] [DEBUG] cheese - admin
[2020-11-09T00:40:45.668] [DEBUG] cheese - null
[2020-11-09T00:40:45.668] [DEBUG] cheese - null
[2020-11-09T00:42:08.961] [DEBUG] cheese - login => username:admin,password:123456
[2020-11-09T00:42:08.961] [DEBUG] cheese - admin
[2020-11-09T00:42:08.963] [DEBUG] cheese - null
[2020-11-09T00:42:08.963] [DEBUG] cheese - null
[2020-11-09T00:43:20.310] [DEBUG] cheese - login => username:admin,password:123456
[2020-11-09T00:43:20.310] [DEBUG] cheese - admin
[2020-11-09T00:43:20.312] [DEBUG] cheese - null
[2020-11-09T00:43:20.312] [DEBUG] cheese - null
[2020-11-09T00:44:01.057] [DEBUG] cheese - login => username:admin,password:123456
[2020-11-09T00:44:01.057] [DEBUG] cheese - admin
[2020-11-09T00:44:01.060] [DEBUG] cheese - null
[2020-11-09T00:44:01.060] [DEBUG] cheese - null
[2020-11-09T00:44:05.941] [DEBUG] cheese - login => username:admin,password:123456
[2020-11-09T00:44:05.941] [DEBUG] cheese - admin
[2020-11-09T00:44:05.944] [DEBUG] cheese - null
[2020-11-09T00:44:05.944] [DEBUG] cheese - null
[2020-11-09T00:53:05.394] [DEBUG] cheese - login => username:admin,password:123456
[2020-11-09T00:53:05.394] [DEBUG] cheese - admin
[2020-11-09T00:53:05.396] [DEBUG] cheese - null
[2020-11-09T00:53:05.396] [DEBUG] cheese - null
[2020-11-09T00:53:27.973] [DEBUG] cheese - login => username:admi,password:123456
[2020-11-09T00:53:27.973] [DEBUG] cheese - admi
[2020-11-09T00:53:27.974] [DEBUG] cheese - null
[2020-11-09T00:53:27.974] [DEBUG] cheese - null
[2020-11-09T00:54:30.364] [DEBUG] cheese - login => username:admi,password:123456
[2020-11-09T00:54:30.364] [DEBUG] cheese - admi
[2020-11-09T00:54:30.366] [DEBUG] cheese - null
[2020-11-09T00:54:30.366] [DEBUG] cheese - null
[2020-11-09T00:54:40.763] [DEBUG] cheese - login => username:admi,password:123456
[2020-11-09T00:54:40.763] [DEBUG] cheese - admi
[2020-11-09T00:54:40.765] [DEBUG] cheese - null
[2020-11-09T00:54:40.765] [DEBUG] cheese - null
[2020-11-09T00:54:54.473] [DEBUG] cheese - login => username:admin,password:1234512
[2020-11-09T00:54:54.473] [DEBUG] cheese - admin
[2020-11-09T00:54:54.476] [DEBUG] cheese - null
[2020-11-09T00:54:54.476] [DEBUG] cheese - null
[2020-11-09T00:54:58.796] [DEBUG] cheese - login => username:admin,password:123456
[2020-11-09T00:54:58.796] [DEBUG] cheese - admin
[2020-11-09T00:54:58.797] [DEBUG] cheese - null
[2020-11-09T00:54:58.797] [DEBUG] cheese - null
[2020-11-25T13:56:56.938] [DEBUG] cheese - login => username:admin,password:123456
[2020-11-25T13:56:56.939] [DEBUG] cheese - admin
[2020-11-25T13:56:57.038] [DEBUG] cheese - null
[2020-11-25T13:56:57.038] [DEBUG] cheese - null
[2020-11-25T13:57:13.776] [DEBUG] cheese - login => username:admin,password:1234567
[2020-11-25T13:57:13.777] [DEBUG] cheese - admin
[2020-11-25T13:57:13.779] [DEBUG] cheese - null
[2020-11-25T13:57:13.779] [DEBUG] cheese - null
[2020-11-25T13:57:21.666] [DEBUG] cheese - login => username:admin,password:123456
[2020-11-25T13:57:21.666] [DEBUG] cheese - admin
[2020-11-25T13:57:21.668] [DEBUG] cheese - null
[2020-11-25T13:57:21.668] [DEBUG] cheese - null
[2020-11-25T15:23:45.511] [DEBUG] cheese - login => username:admin,password:123456
[2020-11-25T15:23:45.512] [DEBUG] cheese - admin
[2020-11-25T15:23:45.514] [DEBUG] cheese - null
[2020-11-25T15:23:45.514] [DEBUG] cheese - null
[2020-11-25T16:25:37.843] [DEBUG] cheese - login => username:admin,password:123456
[2020-11-25T16:25:37.843] [DEBUG] cheese - admin
[2020-11-25T16:25:37.845] [DEBUG] cheese - null
[2020-11-25T16:25:37.845] [DEBUG] cheese - null
[2020-11-25T16:28:07.543] [DEBUG] cheese - login => username:admin,password:123456
[2020-11-25T16:28:07.543] [DEBUG] cheese - admin
[2020-11-25T16:28:07.544] [DEBUG] cheese - null
[2020-11-25T16:28:07.544] [DEBUG] cheese - null
[2020-11-25T18:13:46.899] [DEBUG] cheese - login => username:admin,password:123456
[2020-11-25T18:13:46.899] [DEBUG] cheese - admin
[2020-11-25T18:13:46.900] [DEBUG] cheese - null
[2020-11-25T18:13:46.901] [DEBUG] cheese - null
[2020-11-25T18:23:08.050] [DEBUG] cheese - login => username:admin,password:123456
[2020-11-25T18:23:08.051] [DEBUG] cheese - admin
[2020-11-25T18:23:08.052] [DEBUG] cheese - null
[2020-11-25T18:23:08.053] [DEBUG] cheese - null
[2020-11-25T20:57:37.146] [DEBUG] cheese - login => username:admin,password:123456
[2020-11-25T20:57:37.146] [DEBUG] cheese - admin
[2020-11-25T20:57:37.148] [DEBUG] cheese - null
[2020-11-25T20:57:37.148] [DEBUG] cheese - null
[2020-11-25T21:18:44.395] [DEBUG] cheese - login => username:admin,password:123456
[2020-11-25T21:18:44.396] [DEBUG] cheese - admin
[2020-11-25T21:18:44.397] [DEBUG] cheese - null
[2020-11-25T21:18:44.398] [DEBUG] cheese - null
[2020-11-26T12:38:12.848] [DEBUG] cheese - login => username:admin,password:123456
[2020-11-26T12:38:12.852] [DEBUG] cheese - admin
[2020-11-26T12:38:12.862] [DEBUG] cheese - null
[2020-11-26T12:38:12.863] [DEBUG] cheese - null
[2020-11-26T14:58:35.517] [DEBUG] cheese - login => username:admin,password:123456
[2020-11-26T14:58:35.518] [DEBUG] cheese - admin
[2020-11-26T14:58:35.520] [DEBUG] cheese - null
[2020-11-26T14:58:35.520] [DEBUG] cheese - null
[2020-11-26T17:02:34.950] [DEBUG] cheese - login => username:admin,password:123456
[2020-11-26T17:02:34.950] [DEBUG] cheese - admin
[2020-11-26T17:02:34.952] [DEBUG] cheese - null
[2020-11-26T17:02:34.953] [DEBUG] cheese - null
[2020-12-03T16:18:03.544] [DEBUG] cheese - login => username:admin,password:123456
[2020-12-03T16:18:03.546] [DEBUG] cheese - admin
[2020-12-03T16:18:03.564] [DEBUG] cheese - null
[2020-12-03T16:18:03.565] [DEBUG] cheese - null
[2020-12-03T21:42:29.116] [DEBUG] cheese - null
[2020-12-03T21:52:32.225] [DEBUG] cheese - null
[2020-12-03T21:52:45.915] [DEBUG] cheese - null
[2020-12-03T21:52:49.913] [DEBUG] cheese - null
[2020-12-03T21:53:02.618] [DEBUG] cheese - null
[2020-12-03T23:39:21.443] [DEBUG] cheese - null
[2020-12-16T08:16:28.027] [DEBUG] cheese - login => username:admin,password:123456
[2020-12-16T08:16:28.029] [DEBUG] cheese - admin
[2020-12-16T08:16:28.051] [DEBUG] cheese - null
[2020-12-16T08:16:28.052] [DEBUG] cheese - null
[2020-12-17T11:00:24.919] [DEBUG] cheese - login => username:admin,password:123456
[2020-12-17T11:00:24.921] [DEBUG] cheese - admin
[2020-12-17T11:00:24.932] [DEBUG] cheese - null
[2020-12-17T11:00:24.932] [DEBUG] cheese - null
[2020-12-17T16:54:13.116] [DEBUG] cheese - login => username:admin,password:123456
[2020-12-17T16:54:13.117] [DEBUG] cheese - admin
[2020-12-17T16:54:13.119] [DEBUG] cheese - null
[2020-12-17T16:54:13.120] [DEBUG] cheese - null
[2020-12-18T12:12:31.429] [DEBUG] cheese - login => username:admin,password:123456
[2020-12-18T12:12:31.430] [DEBUG] cheese - admin
[2020-12-18T12:12:31.435] [DEBUG] cheese - null
[2020-12-18T12:12:31.435] [DEBUG] cheese - null
[2020-12-18T21:18:11.680] [DEBUG] cheese - null
[2020-12-19T16:52:22.954] [DEBUG] cheese - login => username:admin,password:123456
[2020-12-19T16:52:22.956] [DEBUG] cheese - admin
[2020-12-19T16:52:22.962] [DEBUG] cheese - null
[2020-12-19T16:52:22.962] [DEBUG] cheese - null
[2020-12-19T17:09:29.149] [DEBUG] cheese - login => username:admin,password:123456
[2020-12-19T17:09:29.149] [DEBUG] cheese - admin
[2020-12-19T17:09:29.150] [DEBUG] cheese - null
[2020-12-19T17:09:29.150] [DEBUG] cheese - null
[2020-12-19T17:16:49.655] [DEBUG] cheese - login => username:admin,password:123456
[2020-12-19T17:16:49.656] [DEBUG] cheese - admin
[2020-12-19T17:16:49.666] [DEBUG] cheese - null
[2020-12-19T17:16:49.666] [DEBUG] cheese - null
[2020-12-19T18:30:30.867] [DEBUG] cheese - login => username:admin,password:123456
[2020-12-19T18:30:30.868] [DEBUG] cheese - admin
[2020-12-19T18:30:30.877] [DEBUG] cheese - null
[2020-12-19T18:30:30.877] [DEBUG] cheese - null
[2020-12-19T18:31:57.199] [DEBUG] cheese - login => username:admin,password:123456
[2020-12-19T18:31:57.199] [DEBUG] cheese - admin
[2020-12-19T18:31:57.202] [DEBUG] cheese - null
[2020-12-19T18:31:57.202] [DEBUG] cheese - null
[2020-12-22T10:52:31.925] [DEBUG] cheese - login => username:admin,password:123456
[2020-12-22T10:52:31.926] [DEBUG] cheese - admin
[2020-12-22T10:52:31.936] [DEBUG] cheese - null
[2020-12-22T10:52:31.937] [DEBUG] cheese - null
[2020-12-22T16:03:16.081] [DEBUG] cheese - login => username:admin,password:123456
[2020-12-22T16:03:16.082] [DEBUG] cheese - admin
[2020-12-22T16:03:16.084] [DEBUG] cheese - null
[2020-12-22T16:03:16.084] [DEBUG] cheese - null
[2020-12-22T17:08:01.951] [DEBUG] cheese - login => username:admin,password:123456
[2020-12-22T17:08:01.952] [DEBUG] cheese - admin
[2020-12-22T17:08:01.960] [DEBUG] cheese - null
[2020-12-22T17:08:01.960] [DEBUG] cheese - null
[2020-12-22T17:12:25.141] [DEBUG] cheese - login => username:admin,password:123456
[2020-12-22T17:12:25.141] [DEBUG] cheese - admin
[2020-12-22T17:12:25.142] [DEBUG] cheese - null
[2020-12-22T17:12:25.142] [DEBUG] cheese - null
[2020-12-22T17:30:29.031] [DEBUG] cheese - login => username:admin,password:123456
[2020-12-22T17:30:29.031] [DEBUG] cheese - admin
[2020-12-22T17:30:29.033] [DEBUG] cheese - null
[2020-12-22T17:30:29.033] [DEBUG] cheese - null
